[debug] [2021-02-19T17:42:44.719Z] ----------------------------------------------------------------------
[debug] [2021-02-19T17:42:44.725Z] Command:       C:\Program Files\nodejs\node.exe C:\Users\junterman\AppData\Roaming\npm\node_modules\firebase-tools\lib\bin\firebase.js deploy --debug
[debug] [2021-02-19T17:42:44.742Z] CLI Version:   7.16.1
[debug] [2021-02-19T17:42:44.747Z] Platform:      win32
[debug] [2021-02-19T17:42:44.748Z] Node Version:  v10.16.3
[debug] [2021-02-19T17:42:44.759Z] Time:          Fri Feb 19 2021 12:42:44 GMT-0500 (Eastern Standard Time)
[debug] [2021-02-19T17:42:44.771Z] ----------------------------------------------------------------------
[debug] [2021-02-19T17:42:44.774Z] 
[debug] [2021-02-19T17:42:44.883Z] > command requires scopes: ["email","openid","https://www.googleapis.com/auth/cloudplatformprojects.readonly","https://www.googleapis.com/auth/firebase","https://www.googleapis.com/auth/cloud-platform"]
[debug] [2021-02-19T17:42:44.886Z] > authorizing via signed-in user
[debug] [2021-02-19T17:42:44.903Z] [iam] checking project ng-new-music for permissions ["datastore.indexes.create","datastore.indexes.delete","datastore.indexes.list","datastore.indexes.update","firebase.projects.get","firebasehosting.sites.update"]
[debug] [2021-02-19T17:42:44.922Z] >>> HTTP REQUEST POST https://cloudresourcemanager.googleapis.com/v1/projects/ng-new-music:testIamPermissions  

[debug] [2021-02-19T17:42:45.183Z] <<< HTTP RESPONSE 200
[debug] [2021-02-19T17:42:45.187Z] >>> HTTP REQUEST GET https://firebase.googleapis.com/v1beta1/projects/ng-new-music  
 
[debug] [2021-02-19T17:42:45.417Z] <<< HTTP RESPONSE 200
[debug] [2021-02-19T17:42:45.433Z] [WARNING] Unable to fetch default resources. Falling back to project id (ng-new-music)
[info] 
[info] === Deploying to 'ng-new-music'...
[info] 
[info] i  deploying firestore, hosting
[info] i  firestore: reading indexes from firestore.indexes.json...
[info] i  cloud.firestore: checking firestore.rules for compilation errors...
[debug] [2021-02-19T17:42:45.504Z] >>> HTTP REQUEST POST https://firebaserules.googleapis.com/v1/projects/ng-new-music:test  

[debug] [2021-02-19T17:42:45.750Z] <<< HTTP RESPONSE 200
[info] +  cloud.firestore: rules file firestore.rules compiled successfully
[debug] [2021-02-19T17:42:45.991Z] >>> HTTP REQUEST POST https://firebasehosting.googleapis.com/v1beta1/sites/ng-new-music/versions  

[debug] [2021-02-19T17:42:46.798Z] <<< HTTP RESPONSE 200
[debug] [2021-02-19T17:42:46.807Z] >>> HTTP REQUEST GET https://firebaserules.googleapis.com/v1/projects/ng-new-music/releases?pageSize=10&pageToken=  
 
[debug] [2021-02-19T17:42:46.819Z] >>> HTTP REQUEST GET https://firestore.googleapis.com/v1beta2/projects/ng-new-music/databases/(default)/collectionGroups/-/indexes  
 
[debug] [2021-02-19T17:42:46.992Z] <<< HTTP RESPONSE 200
[debug] [2021-02-19T17:42:46.995Z] >>> HTTP REQUEST GET https://firebaserules.googleapis.com/v1/projects/ng-new-music/rulesets/94e321df-1a57-44c4-a86b-9e9af61e6a76  
 
[debug] [2021-02-19T17:42:47.166Z] <<< HTTP RESPONSE 200
[debug] [2021-02-19T17:42:47.180Z] >>> HTTP REQUEST GET https://firestore.googleapis.com/v1beta2/projects/ng-new-music/databases/(default)/collectionGroups/-/fields?filter=indexConfig.usesAncestorConfig=false  
 
[debug] [2021-02-19T17:42:47.184Z] <<< HTTP RESPONSE 200
[info] i  firestore: latest version of firestore.rules already up to date, skipping upload...
[debug] [2021-02-19T17:42:47.448Z] <<< HTTP RESPONSE 200
[info] +  firestore: deployed indexes in firestore.indexes.json successfully
[info] i  hosting[ng-new-music]: beginning deploy...
[info] i  hosting[ng-new-music]: found 6 files in dist/ng-new-music
[debug] [2021-02-19T17:42:47.543Z] [hosting] hash cache [ZGlzdFxuZy1uZXctbXVzaWM] stored for 6 files
[debug] [2021-02-19T17:42:47.544Z] [hosting][hash queue][FINAL]
[debug] [2021-02-19T17:42:47.552Z] >>> HTTP REQUEST POST https://firebasehosting.googleapis.com/v1beta1/sites/ng-new-music/versions/a51a7a7bb9a57c61:populateFiles  
 <request body omitted>
[debug] [2021-02-19T17:42:47.970Z] <<< HTTP RESPONSE 200
[debug] [2021-02-19T17:42:47.985Z] [hosting][populate queue][FINAL]
[debug] [2021-02-19T17:42:47.987Z] [hosting] uploads queued: 0
[debug] [2021-02-19T17:42:47.988Z] [hosting][upload queue][FINAL]
[info] +  hosting[ng-new-music]: file upload complete
[debug] [2021-02-19T17:42:48.003Z] [hosting] deploy completed after 539ms
[debug] [2021-02-19T17:42:48.062Z] [rules] releasing cloud.firestore with ruleset projects/ng-new-music/rulesets/94e321df-1a57-44c4-a86b-9e9af61e6a76
[debug] [2021-02-19T17:42:48.063Z] >>> HTTP REQUEST PATCH https://firebaserules.googleapis.com/v1/projects/ng-new-music/releases/cloud.firestore  

[debug] [2021-02-19T17:42:48.345Z] <<< HTTP RESPONSE 200
[debug] [2021-02-19T17:42:48.354Z] [rules] updated release projects/ng-new-music/releases/cloud.firestore
[info] +  firestore: released rules firestore.rules to cloud.firestore
[debug] [2021-02-19T17:42:48.366Z] [
  {
    "config": {
      "public": "dist/ng-new-music",
      "ignore": [
        "firebase.json",
        "**/.*",
        "**/node_modules/**"
      ],
      "rewrites": [
        {
          "source": "**",
          "destination": "/index.html"
        }
      ],
      "site": "ng-new-music"
    },
    "site": "ng-new-music",
    "version": "sites/ng-new-music/versions/a51a7a7bb9a57c61"
  }
]
[info] i  hosting[ng-new-music]: finalizing version...
[debug] [2021-02-19T17:42:48.403Z] >>> HTTP REQUEST PATCH https://firebasehosting.googleapis.com/v1beta1/sites/ng-new-music/versions/a51a7a7bb9a57c61?updateMask=status  

[debug] [2021-02-19T17:42:48.947Z] <<< HTTP RESPONSE 200
[debug] [2021-02-19T17:42:48.949Z] [hosting] finalized version for ng-new-music:
[info] +  hosting[ng-new-music]: version finalized
[info] i  hosting[ng-new-music]: releasing new version...
[debug] [2021-02-19T17:42:48.963Z] >>> HTTP REQUEST POST https://firebasehosting.googleapis.com/v1beta1/sites/ng-new-music/releases?version_name=sites/ng-new-music/versions/a51a7a7bb9a57c61  

[debug] [2021-02-19T17:42:49.418Z] <<< HTTP RESPONSE 200
[debug] [2021-02-19T17:42:49.419Z] [hosting] release:
[info] +  hosting[ng-new-music]: release complete
[info] 
[info] +  Deploy complete!
[info] 
[info] Project Console: https://console.firebase.google.com/project/ng-new-music/overview
[info] Hosting URL: https://ng-new-music.firebaseapp.com
